<?xml version="1.0" encoding="UTF-8"?>
<testsuite name="edu.northeastern.cs5500.starterbot.command.TradeSelectionMenuHandlerTest" tests="5" skipped="0" failures="0" errors="0" timestamp="2022-05-06T20:35:22" hostname="Christophers-MacBook-Pro.local" time="0.005">
  <properties/>
  <testcase name="testNameMatchesData()" classname="edu.northeastern.cs5500.starterbot.command.TradeSelectionMenuHandlerTest" time="0.002"/>
  <testcase name="testRenderOwnChoiceConfirmation()" classname="edu.northeastern.cs5500.starterbot.command.TradeSelectionMenuHandlerTest" time="0.0"/>
  <testcase name="testRenderFinalConfirmationMessage()" classname="edu.northeastern.cs5500.starterbot.command.TradeSelectionMenuHandlerTest" time="0.001"/>
  <testcase name="testRenderOthersChoiceConfirmation()" classname="edu.northeastern.cs5500.starterbot.command.TradeSelectionMenuHandlerTest" time="0.0"/>
  <testcase name="testRenderPokemonMessage()" classname="edu.northeastern.cs5500.starterbot.command.TradeSelectionMenuHandlerTest" time="0.0"/>
  <system-out><![CDATA[]]></system-out>
  <system-err><![CDATA[]]></system-err>
</testsuite>
