<?xml version="1.0" encoding="UTF-8"?>
<testsuite name="edu.northeastern.cs5500.starterbot.command.BattleCommandTest" tests="3" skipped="0" failures="0" errors="0" timestamp="2022-05-06T20:35:22" hostname="Christophers-MacBook-Pro.local" time="0.026">
  <properties/>
  <testcase name="testNameMatchesData()" classname="edu.northeastern.cs5500.starterbot.command.BattleCommandTest" time="0.023"/>
  <testcase name="testEmbedMatchesBattleCommandEmbed()" classname="edu.northeastern.cs5500.starterbot.command.BattleCommandTest" time="0.0"/>
  <testcase name="testBattleMessageBattleCommandEmbed()" classname="edu.northeastern.cs5500.starterbot.command.BattleCommandTest" time="0.001"/>
  <system-out><![CDATA[]]></system-out>
  <system-err><![CDATA[]]></system-err>
</testsuite>
