<?xml version="1.0" encoding="UTF-8"?>
<testsuite name="edu.northeastern.cs5500.starterbot.command.BeginPlayingCommandTest" tests="1" skipped="0" failures="0" errors="0" timestamp="2022-05-06T20:35:22" hostname="Christophers-MacBook-Pro.local" time="0.002">
  <properties/>
  <testcase name="testEmbedMatchesBeginPlayingEmbed()" classname="edu.northeastern.cs5500.starterbot.command.BeginPlayingCommandTest" time="0.002"/>
  <system-out><![CDATA[]]></system-out>
  <system-err><![CDATA[]]></system-err>
</testsuite>
