<?xml version="1.0" encoding="UTF-8"?>
<testsuite name="edu.northeastern.cs5500.starterbot.command.TradeCommandTest" tests="3" skipped="0" failures="0" errors="0" timestamp="2022-05-06T20:35:22" hostname="Christophers-MacBook-Pro.local" time="0.003">
  <properties/>
  <testcase name="testNameMatchesData()" classname="edu.northeastern.cs5500.starterbot.command.TradeCommandTest" time="0.001"/>
  <testcase name="testTradeMessageTradeCommandEmbed()" classname="edu.northeastern.cs5500.starterbot.command.TradeCommandTest" time="0.001"/>
  <testcase name="testEmbedMatchesTradeCommandEmbed()" classname="edu.northeastern.cs5500.starterbot.command.TradeCommandTest" time="0.001"/>
  <system-out><![CDATA[]]></system-out>
  <system-err><![CDATA[]]></system-err>
</testsuite>
