<?xml version="1.0" encoding="UTF-8"?>
<testsuite name="edu.northeastern.cs5500.starterbot.command.BattleButtonClickHandleAcceptTest" tests="3" skipped="0" failures="0" errors="0" timestamp="2022-05-06T20:35:22" hostname="Christophers-MacBook-Pro.local" time="0.151">
  <properties/>
  <testcase name="testNameMatchesData()" classname="edu.northeastern.cs5500.starterbot.command.BattleButtonClickHandleAcceptTest" time="0.043"/>
  <testcase name="testRenderSelectionMessageUnsuccessfull()" classname="edu.northeastern.cs5500.starterbot.command.BattleButtonClickHandleAcceptTest" time="0.001"/>
  <testcase name="testEmbedMatchesRenderSelectionMessageEmbed()" classname="edu.northeastern.cs5500.starterbot.command.BattleButtonClickHandleAcceptTest" time="0.107"/>
  <system-out><![CDATA[]]></system-out>
  <system-err><![CDATA[[Test worker] INFO edu.northeastern.cs5500.starterbot.service.PokemonShowdownService - Downloading Pokedex
[Test worker] INFO edu.northeastern.cs5500.starterbot.controller.PokedexController - created pokemon 'Bulbasaur'
[Test worker] INFO edu.northeastern.cs5500.starterbot.controller.PokedexController - created pokemon 'Charmander'
[Test worker] INFO edu.northeastern.cs5500.starterbot.controller.PokedexController - created pokemon 'Squirtle'
[Test worker] INFO edu.northeastern.cs5500.starterbot.controller.PokedexController - created pokemon 'Pikachu'
[Test worker] INFO edu.northeastern.cs5500.starterbot.controller.PokedexController - created pokemon 'Eevee'
[Test worker] INFO edu.northeastern.cs5500.starterbot.controller.PokedexController - created pokemon 'Vaporeon'
[Test worker] INFO edu.northeastern.cs5500.starterbot.controller.PokedexController - created pokemon 'Jolteon'
[Test worker] INFO edu.northeastern.cs5500.starterbot.controller.PokedexController - created pokemon 'Flareon'
[Test worker] INFO edu.northeastern.cs5500.starterbot.controller.PokedexController - created pokemon 'Mew'
[Test worker] INFO edu.northeastern.cs5500.starterbot.controller.PokedexController - created pokemon 'Espeon'
[Test worker] INFO edu.northeastern.cs5500.starterbot.controller.PokedexController - created pokemon 'Umbreon'
[Test worker] INFO edu.northeastern.cs5500.starterbot.controller.PokedexController - created pokemon 'Mightyena'
[Test worker] INFO edu.northeastern.cs5500.starterbot.controller.PokedexController - Created PokedexController
[Test worker] INFO edu.northeastern.cs5500.starterbot.controller.PokemonController - Created PokemonController
]]></system-err>
</testsuite>
