<?xml version="1.0" encoding="UTF-8"?>
<testsuite name="edu.northeastern.cs5500.starterbot.command.InspectPokemonCommandTest" tests="6" skipped="0" failures="0" errors="0" timestamp="2022-05-06T20:35:22" hostname="Christophers-MacBook-Pro.local" time="0.01">
  <properties/>
  <testcase name="testInvalidMessageBuilderForValidIndex()" classname="edu.northeastern.cs5500.starterbot.command.InspectPokemonCommandTest" time="0.002"/>
  <testcase name="testInvalidMessageBuilderForSmallerIndex()" classname="edu.northeastern.cs5500.starterbot.command.InspectPokemonCommandTest" time="0.001"/>
  <testcase name="testValidateIndex()" classname="edu.northeastern.cs5500.starterbot.command.InspectPokemonCommandTest" time="0.0"/>
  <testcase name="testInvalidMessageBuilderForBiggerIndex()" classname="edu.northeastern.cs5500.starterbot.command.InspectPokemonCommandTest" time="0.0"/>
  <testcase name="testInspectPokemonReturnsTheCorrectEmbed()" classname="edu.northeastern.cs5500.starterbot.command.InspectPokemonCommandTest" time="0.001"/>
  <testcase name="testInspectPokemonCommand()" classname="edu.northeastern.cs5500.starterbot.command.InspectPokemonCommandTest" time="0.003"/>
  <system-out><![CDATA[]]></system-out>
  <system-err><![CDATA[[Test worker] INFO edu.northeastern.cs5500.starterbot.service.PokemonShowdownService - Returned Pokedex from cache
[Test worker] INFO edu.northeastern.cs5500.starterbot.controller.PokedexController - created pokemon 'Bulbasaur'
[Test worker] INFO edu.northeastern.cs5500.starterbot.controller.PokedexController - created pokemon 'Charmander'
[Test worker] INFO edu.northeastern.cs5500.starterbot.controller.PokedexController - created pokemon 'Squirtle'
[Test worker] INFO edu.northeastern.cs5500.starterbot.controller.PokedexController - created pokemon 'Pikachu'
[Test worker] INFO edu.northeastern.cs5500.starterbot.controller.PokedexController - created pokemon 'Eevee'
[Test worker] INFO edu.northeastern.cs5500.starterbot.controller.PokedexController - created pokemon 'Vaporeon'
[Test worker] INFO edu.northeastern.cs5500.starterbot.controller.PokedexController - created pokemon 'Jolteon'
[Test worker] INFO edu.northeastern.cs5500.starterbot.controller.PokedexController - created pokemon 'Flareon'
[Test worker] INFO edu.northeastern.cs5500.starterbot.controller.PokedexController - created pokemon 'Mew'
[Test worker] INFO edu.northeastern.cs5500.starterbot.controller.PokedexController - created pokemon 'Espeon'
[Test worker] INFO edu.northeastern.cs5500.starterbot.controller.PokedexController - created pokemon 'Umbreon'
[Test worker] INFO edu.northeastern.cs5500.starterbot.controller.PokedexController - created pokemon 'Mightyena'
[Test worker] INFO edu.northeastern.cs5500.starterbot.controller.PokedexController - Created PokedexController
[Test worker] INFO edu.northeastern.cs5500.starterbot.controller.PokemonController - Created PokemonController
[Test worker] INFO edu.northeastern.cs5500.starterbot.controller.PokemonController - Created PokemonController
[Test worker] INFO edu.northeastern.cs5500.starterbot.controller.PokemonController - Created PokemonController
[Test worker] INFO edu.northeastern.cs5500.starterbot.controller.PokemonController - Created PokemonController
[Test worker] INFO edu.northeastern.cs5500.starterbot.controller.PokemonController - Created PokemonController
[Test worker] INFO edu.northeastern.cs5500.starterbot.controller.PokemonController - Created PokemonController
]]></system-err>
</testsuite>
