<?xml version="1.0" encoding="UTF-8"?>
<testsuite name="edu.northeastern.cs5500.starterbot.service.PokemonShowdownServiceTest" tests="2" skipped="0" failures="0" errors="0" timestamp="2022-05-06T20:35:22" hostname="Christophers-MacBook-Pro.local" time="0.006">
  <properties/>
  <testcase name="testPokedexHasBulbasaur()" classname="edu.northeastern.cs5500.starterbot.service.PokemonShowdownServiceTest" time="0.005"/>
  <testcase name="testShedinjaHasMaxHp1()" classname="edu.northeastern.cs5500.starterbot.service.PokemonShowdownServiceTest" time="0.0"/>
  <system-out><![CDATA[]]></system-out>
  <system-err><![CDATA[[Test worker] INFO edu.northeastern.cs5500.starterbot.service.PokemonShowdownService - Returned Pokedex from cache
[Test worker] INFO edu.northeastern.cs5500.starterbot.service.PokemonShowdownService - Returned Pokedex from cache
]]></system-err>
</testsuite>
