<?xml version="1.0" encoding="UTF-8"?>
<testsuite name="edu.northeastern.cs5500.starterbot.command.ChooseStarterButtonClickTest" tests="4" skipped="0" failures="0" errors="0" timestamp="2022-05-06T20:35:22" hostname="Christophers-MacBook-Pro.local" time="0.007">
  <properties/>
  <testcase name="testGenerateStarterChosenConfirmationMessage()" classname="edu.northeastern.cs5500.starterbot.command.ChooseStarterButtonClickTest" time="0.003"/>
  <testcase name="testGeneratePokemonAddedConfirmationMessageSquirtle()" classname="edu.northeastern.cs5500.starterbot.command.ChooseStarterButtonClickTest" time="0.0"/>
  <testcase name="testChooseStarterPokemonAddsPokemonToParty()" classname="edu.northeastern.cs5500.starterbot.command.ChooseStarterButtonClickTest" time="0.003"/>
  <testcase name="testCannotChooseSecondStarterPokemon()" classname="edu.northeastern.cs5500.starterbot.command.ChooseStarterButtonClickTest" time="0.0"/>
  <system-out><![CDATA[]]></system-out>
  <system-err><![CDATA[[Test worker] INFO edu.northeastern.cs5500.starterbot.service.PokemonShowdownService - Returned Pokedex from cache
[Test worker] INFO edu.northeastern.cs5500.starterbot.controller.PokedexController - created pokemon 'Bulbasaur'
[Test worker] INFO edu.northeastern.cs5500.starterbot.controller.PokedexController - created pokemon 'Charmander'
[Test worker] INFO edu.northeastern.cs5500.starterbot.controller.PokedexController - created pokemon 'Squirtle'
[Test worker] INFO edu.northeastern.cs5500.starterbot.controller.PokedexController - created pokemon 'Pikachu'
[Test worker] INFO edu.northeastern.cs5500.starterbot.controller.PokedexController - created pokemon 'Eevee'
[Test worker] INFO edu.northeastern.cs5500.starterbot.controller.PokedexController - created pokemon 'Vaporeon'
[Test worker] INFO edu.northeastern.cs5500.starterbot.controller.PokedexController - created pokemon 'Jolteon'
[Test worker] INFO edu.northeastern.cs5500.starterbot.controller.PokedexController - created pokemon 'Flareon'
[Test worker] INFO edu.northeastern.cs5500.starterbot.controller.PokedexController - created pokemon 'Mew'
[Test worker] INFO edu.northeastern.cs5500.starterbot.controller.PokedexController - created pokemon 'Espeon'
[Test worker] INFO edu.northeastern.cs5500.starterbot.controller.PokedexController - created pokemon 'Umbreon'
[Test worker] INFO edu.northeastern.cs5500.starterbot.controller.PokedexController - created pokemon 'Mightyena'
[Test worker] INFO edu.northeastern.cs5500.starterbot.controller.PokedexController - Created PokedexController
[Test worker] INFO edu.northeastern.cs5500.starterbot.controller.PokemonController - Created PokemonController
[Test worker] INFO edu.northeastern.cs5500.starterbot.command.ChooseStarterButtonClick - Getting pokemon number {} from database
[Test worker] INFO edu.northeastern.cs5500.starterbot.command.ChooseStarterButtonClick - Adding pokemon Squirtle to user's party with user id: 350082976618512414
[Test worker] INFO edu.northeastern.cs5500.starterbot.controller.PokemonController - Created PokemonController
]]></system-err>
</testsuite>
